<?xml version="1.0" encoding="UTF-8"?>
<!-- Generated by org.testng.reporters.JUnitReportReporter -->
<testsuite hostname="Rahmats-MacBook-Pro.local" failures="0" tests="1" name="test.AddCustomerTest" time="18.878" errors="0" timestamp="2023-04-05T19:36:18 PDT" skipped="0">
  <testcase classname="test.AddCustomerTest" name="validCustomerShouldBeAbleToCreateCustomer" time="18.878"/>
  <system-out/>
</testsuite> <!-- test.AddCustomerTest -->
