<?xml version="1.0" encoding="UTF-8"?>
<!-- Generated by org.testng.reporters.JUnitReportReporter -->
<testsuite hostname="Rahmats-MacBook-Pro.local" failures="0" tests="1" name="test.LoginTest" time="16.808" errors="0" timestamp="2023-04-05T18:12:35 PDT" skipped="0">
  <testcase classname="test.LoginTest" name="validUserShouldBeAbleToLogin" time="16.808"/>
  <system-out/>
</testsuite> <!-- test.LoginTest -->
